


ARM Macro Assembler    Page 1 


    1 00000000                 AREA             ONEZERO,CODE,READONLY
    2 00000000                 ENTRY
    3 00000000         START
    4 00000000 E3A02000        MOV              R2,#0
    5 00000004 E3A03000        MOV              R3,#0
    6 00000008 E3A07002        MOV              R7,#2
    7 0000000C E59F6040        LDR              R6,=VALUE
    8 00000010 E3A01020 
                       LOOP    MOV              R1,#32
    9 00000014 E4960004        LDR              R0,[R6],#4
   10 00000018 E1B000E0 
                       LOOP0   MOVS             R0,R0,ROR#1
   11 0000001C 8A000001        BHI              ONES
   12 00000020 E2833001 
                       ZEROS   ADD              R3,R3,#1
   13 00000024 EA000002        B                LOOP1
   14 00000028 E2822001 
                       ONES    ADD              R2,R2,#1
   15 0000002C E2511001        SUBS             R1,R1,#1
   16 00000030 1AFFFFF8        BNE              LOOP0
   17 00000034 E2577001 
                       LOOP1   SUBS             R7,R7,#1
   18 00000038 E3570000        CMP              R7,#0
   19 0000003C 1AFFFFF3        BNE              LOOP
   20 00000040 E1A00000        NOP
   21 00000044 E1A00000        NOP
   22 00000048 E1A00000        NOP
   23 0000004C 00000001 
              00000002 VALUE   DCD              0X1,0X2
   24 00000054                 END
              00000000 
Command Line: --debug --xref --apcs=interwork --depend=.\lab8.d -o.\lab8.o -IC:
\Keil\ARM\RV31\INC -IC:\Keil\ARM\CMSIS\Include -IC:\Keil\ARM\Inc\Philips --pred
efine="__EVAL SETA 1" --list=.\lab8.lst lab8.asm



ARM Macro Assembler    Page 1 Alphabetic symbol ordering
Relocatable symbols

LOOP 00000010

Symbol: LOOP
   Definitions
      At line 8 in file lab8.asm
   Uses
      At line 19 in file lab8.asm
Comment: LOOP used once
LOOP0 00000018

Symbol: LOOP0
   Definitions
      At line 10 in file lab8.asm
   Uses
      At line 16 in file lab8.asm
Comment: LOOP0 used once
LOOP1 00000034

Symbol: LOOP1
   Definitions
      At line 17 in file lab8.asm
   Uses
      At line 13 in file lab8.asm
Comment: LOOP1 used once
ONES 00000028

Symbol: ONES
   Definitions
      At line 14 in file lab8.asm
   Uses
      At line 11 in file lab8.asm
Comment: ONES used once
ONEZERO 00000000

Symbol: ONEZERO
   Definitions
      At line 1 in file lab8.asm
   Uses
      None
Comment: ONEZERO unused
START 00000000

Symbol: START
   Definitions
      At line 3 in file lab8.asm
   Uses
      None
Comment: START unused
VALUE 0000004C

Symbol: VALUE
   Definitions
      At line 23 in file lab8.asm
   Uses
      At line 7 in file lab8.asm
Comment: VALUE used once
ZEROS 00000020

Symbol: ZEROS



ARM Macro Assembler    Page 2 Alphabetic symbol ordering
Relocatable symbols

   Definitions
      At line 12 in file lab8.asm
   Uses
      None
Comment: ZEROS unused
8 symbols
341 symbols in table
