


ARM Macro Assembler    Page 1 


    1 00000000                 AREA             DECSENDING,CODE,READONLY
    2 00000000                 ENTRY
    3 00000000         START
    4 00000000 E3A08004        MOV              R8,#4
    5 00000004 E59F2070        LDR              R2,=CVALUE
    6 00000008 E59F3070        LDR              R3,=DVALUE
    7 0000000C E4921004 
                       LOOP0   LDR              R1,[R2],#4
    8 00000010 E4831004        STR              R1,[R3],#4
    9 00000014 E2588001        SUBS             R8,R8,#1
   10 00000018 E3580000        CMP              R8,#0
   11 0000001C 1AFFFFFA        BNE              LOOP0
   12 00000020 E3A05003 
                       START1  MOV              R5,#3
   13 00000024 E3A07000        MOV              R7,#0
   14 00000028 E59F1050        LDR              R1,=DVALUE
   15 0000002C E4912004 
                       LOOP1   LDR              R2,[R1],#4
   16 00000030 E5913000        LDR              R3,[R1]
   17 00000034 E1520003        CMP              R2,R3
   18 00000038 CA000003        BGT              LOOP2
   19 0000003C E4012004        STR              R2,[R1],#-4
   20 00000040 E5813000        STR              R3,[R1]
   21 00000044 E3A07001        MOV              R7,#1
   22 00000048 E2811004        ADD              R1,#4
   23 0000004C E2555001 
                       LOOP2   SUBS             R5,R5,#1
   24 00000050 E3550000        CMP              R5,#0
   25 00000054 1AFFFFF4        BNE              LOOP1
   26 00000058 E3570000        CMP              R7,#0
   27 0000005C 1AFFFFEF        BNE              START1
   28 00000060 E1A00000        NOP
   29 00000064 E1A00000        NOP
   30 00000068 E1A00000        NOP
   31 0000006C 44444444 
                       CVALUE  DCD              0X44444444
   32 00000070 11111111        DCD              0X11111111
   33 00000074 33333333        DCD              0X33333333
   34 00000078 22222222        DCD              0X22222222
   35 0000007C 00000000 
              00000000 
              00000000         AREA             DATA1,DATA,READWRITE
   36 00000000 00000000 
                       DVALUE  DCD              0X00000000
   37 00000004                 END
Command Line: --debug --xref --apcs=interwork --depend=.\lab7.d -o.\lab7.o -IC:
\Keil\ARM\RV31\INC -IC:\Keil\ARM\CMSIS\Include -IC:\Keil\ARM\Inc\Philips --pred
efine="__EVAL SETA 1" --list=.\lab7.lst lab7.asm



ARM Macro Assembler    Page 1 Alphabetic symbol ordering
Relocatable symbols

CVALUE 0000006C

Symbol: CVALUE
   Definitions
      At line 31 in file lab7.asm
   Uses
      At line 5 in file lab7.asm
Comment: CVALUE used once
DECSENDING 00000000

Symbol: DECSENDING
   Definitions
      At line 1 in file lab7.asm
   Uses
      None
Comment: DECSENDING unused
LOOP0 0000000C

Symbol: LOOP0
   Definitions
      At line 7 in file lab7.asm
   Uses
      At line 11 in file lab7.asm
Comment: LOOP0 used once
LOOP1 0000002C

Symbol: LOOP1
   Definitions
      At line 15 in file lab7.asm
   Uses
      At line 25 in file lab7.asm
Comment: LOOP1 used once
LOOP2 0000004C

Symbol: LOOP2
   Definitions
      At line 23 in file lab7.asm
   Uses
      At line 18 in file lab7.asm
Comment: LOOP2 used once
START 00000000

Symbol: START
   Definitions
      At line 3 in file lab7.asm
   Uses
      None
Comment: START unused
START1 00000020

Symbol: START1
   Definitions
      At line 12 in file lab7.asm
   Uses
      At line 27 in file lab7.asm
Comment: START1 used once
7 symbols



ARM Macro Assembler    Page 1 Alphabetic symbol ordering
Relocatable symbols

DATA1 00000000

Symbol: DATA1
   Definitions
      At line 35 in file lab7.asm
   Uses
      None
Comment: DATA1 unused
DVALUE 00000000

Symbol: DVALUE
   Definitions
      At line 36 in file lab7.asm
   Uses
      At line 6 in file lab7.asm
      At line 14 in file lab7.asm

2 symbols
342 symbols in table
