


ARM Macro Assembler    Page 1 


    1 00000000                 AREA             SMALLEST,CODE,READONLY
    2 00000000                 ENTRY
    3 00000000         START
    4 00000000 E3A05006        MOV              R5,#6
    5 00000004 E59F104C        LDR              R1,=VALUE1
    6 00000008 E4912004        LDR              R2,[R1],#4
    7 0000000C E4914004 
                       LOOP    LDR              R4,[R1],#4
    8 00000010 E1520004        CMP              R2,R4
    9 00000014 9A000000        BLS              LOOP1
   10 00000018 E1A02004        MOV              R2,R4
   11 0000001C E2555001 
                       LOOP1   SUBS             R5,R5,#1
   12 00000020 E3550000        CMP              R5,#0
   13 00000024 1AFFFFF8        BNE              LOOP
   14 00000028 E59F402C        LDR              R4,=RESULT
   15 0000002C E5842000        STR              R2,[R4]
   16 00000030 E1A00000        NOP
   17 00000034 E1A00000        NOP
   18 00000038 E1A00000        NOP
   19 0000003C 44444444 
                       VALUE1  DCD              0X44444444
   20 00000040 22222222        DCD              0X22222222
   21 00000044 11111111        DCD              0X11111111
   22 00000048 33333333        DCD              0X33333333
   23 0000004C AAAAAAAA        DCD              0XAAAAAAAA
   24 00000050 88888888        DCD              0X88888888
   25 00000054 99999999        DCD              0X99999999
   26 00000058 00000000 
              00000000         AREA             DATA1,DATA,READWRITE
   27 00000000 00000000 
                       RESULT  DCD              0X00000000
   28 00000004                 END
Command Line: --debug --xref --apcs=interwork --depend=.\lab6b.d -o.\lab6b.o -I
C:\Keil\ARM\RV31\INC -IC:\Keil\ARM\CMSIS\Include -IC:\Keil\ARM\Inc\Philips --pr
edefine="__EVAL SETA 1" --list=.\lab6b.lst LAB6B.ASM



ARM Macro Assembler    Page 1 Alphabetic symbol ordering
Relocatable symbols

LOOP 0000000C

Symbol: LOOP
   Definitions
      At line 7 in file LAB6B.ASM
   Uses
      At line 13 in file LAB6B.ASM
Comment: LOOP used once
LOOP1 0000001C

Symbol: LOOP1
   Definitions
      At line 11 in file LAB6B.ASM
   Uses
      At line 9 in file LAB6B.ASM
Comment: LOOP1 used once
SMALLEST 00000000

Symbol: SMALLEST
   Definitions
      At line 1 in file LAB6B.ASM
   Uses
      None
Comment: SMALLEST unused
START 00000000

Symbol: START
   Definitions
      At line 3 in file LAB6B.ASM
   Uses
      None
Comment: START unused
VALUE1 0000003C

Symbol: VALUE1
   Definitions
      At line 19 in file LAB6B.ASM
   Uses
      At line 5 in file LAB6B.ASM
Comment: VALUE1 used once
5 symbols



ARM Macro Assembler    Page 1 Alphabetic symbol ordering
Relocatable symbols

DATA1 00000000

Symbol: DATA1
   Definitions
      At line 26 in file LAB6B.ASM
   Uses
      None
Comment: DATA1 unused
RESULT 00000000

Symbol: RESULT
   Definitions
      At line 27 in file LAB6B.ASM
   Uses
      At line 14 in file LAB6B.ASM
Comment: RESULT used once
2 symbols
340 symbols in table
