


ARM Macro Assembler    Page 1 


    1 00000000                 AREA             ADDITION,CODE,READONLY
    2 00000000                 ENTRY
    3 00000000         START
    4 00000000 E3A05006        MOV              R5,#6
    5 00000004 E3A00000        MOV              R0,#0
    6 00000008 E59F1030        LDR              R1,=VALUE1
    7 0000000C E0D120B2 
                       LOOP    LDRH             R2,[R1],#2
    8 00000010 E0800002        ADD              R0,R0,R2
    9 00000014 E2555001        SUBS             R5,R5,#1
   10 00000018 E3550000        CMP              R5,#0
   11 0000001C 1AFFFFFA        BNE              LOOP
   12 00000020 E59F401C        LDR              R4,=RESULT
   13 00000024 E5840000        STR              R0,[R4]
   14 00000028 E1A00000        NOP
   15 0000002C E1A00000        NOP
   16 00000030 E1A00000        NOP
   17 00000034 11 11 22 
              22 33 33 
              AA AA BB 
              BB CC CC VALUE1  DCW              0x1111,0X2222,0X3333,0XAAAA,0XB
BBB,0XCCCC
   18 00000040 00000000 
              00000000         AREA             DATA2,DATA,READWRITE
   19 00000000 00000000 
                       RESULT  DCD              0X0
   20 00000004                 END
Command Line: --debug --xref --apcs=interwork --depend=.\lab5.d -o.\lab5.o -IC:
\Keil\ARM\RV31\INC -IC:\Keil\ARM\CMSIS\Include -IC:\Keil\ARM\Inc\Philips --pred
efine="__EVAL SETA 1" --list=.\lab5.lst lab5.asm



ARM Macro Assembler    Page 1 Alphabetic symbol ordering
Relocatable symbols

ADDITION 00000000

Symbol: ADDITION
   Definitions
      At line 1 in file lab5.asm
   Uses
      None
Comment: ADDITION unused
LOOP 0000000C

Symbol: LOOP
   Definitions
      At line 7 in file lab5.asm
   Uses
      At line 11 in file lab5.asm
Comment: LOOP used once
START 00000000

Symbol: START
   Definitions
      At line 3 in file lab5.asm
   Uses
      None
Comment: START unused
VALUE1 00000034

Symbol: VALUE1
   Definitions
      At line 17 in file lab5.asm
   Uses
      At line 6 in file lab5.asm
Comment: VALUE1 used once
4 symbols



ARM Macro Assembler    Page 1 Alphabetic symbol ordering
Relocatable symbols

DATA2 00000000

Symbol: DATA2
   Definitions
      At line 18 in file lab5.asm
   Uses
      None
Comment: DATA2 unused
RESULT 00000000

Symbol: RESULT
   Definitions
      At line 19 in file lab5.asm
   Uses
      At line 12 in file lab5.asm
Comment: RESULT used once
2 symbols
339 symbols in table
