


ARM Macro Assembler    Page 1 


    1 00000000                 AREA             SQUARE,CODE,READONLY
    2 00000000                 ENTRY
    3 00000000         START
    4 00000000 E59F0044        LDR              R0,=TABLE1
    5 00000004 E3A01009        LDR              R1,=9
    6 00000008 E1A01101        MOV              R1,R1,LSL#0X2
    7 0000000C E0800001        ADD              R0,R0,R1
    8 00000010 E5903000        LDR              R3,[R0]
    9 00000014 E1A00000        NOP
   10 00000018 E1A00000        NOP
   11 0000001C E1A00000        NOP
   12 00000020         TABLE1
   13 00000020 00000000        DCD              0X00000000
   14 00000024 00000001        DCD              0X00000001
   15 00000028 00000004        DCD              0X00000004
   16 0000002C 00000009        DCD              0X00000009
   17 00000030 00000010        DCD              0X00000010
   18 00000034 00000019        DCD              0X00000019
   19 00000038 00000024        DCD              0X00000024
   20 0000003C 00000031        DCD              0X00000031
   21 00000040 00000040        DCD              0X00000040
   22 00000044 00000051        DCD              0X00000051
   23 00000048 00000064        DCD              0X00000064
   24 0000004C 00000000        AREA             DATA1,DATA,READWRITE
   25 00000000 00000000 
                       RESULT  DCD              0X00000000
   26 00000004                 END
Command Line: --debug --xref --apcs=interwork --depend=.\lab6.d -o.\lab6.o -IC:
\Keil\ARM\RV31\INC -IC:\Keil\ARM\CMSIS\Include -IC:\Keil\ARM\Inc\Philips --pred
efine="__EVAL SETA 1" --list=.\lab6.lst lab6.asm



ARM Macro Assembler    Page 1 Alphabetic symbol ordering
Relocatable symbols

SQUARE 00000000

Symbol: SQUARE
   Definitions
      At line 1 in file lab6.asm
   Uses
      None
Comment: SQUARE unused
START 00000000

Symbol: START
   Definitions
      At line 3 in file lab6.asm
   Uses
      None
Comment: START unused
TABLE1 00000020

Symbol: TABLE1
   Definitions
      At line 12 in file lab6.asm
   Uses
      At line 4 in file lab6.asm
Comment: TABLE1 used once
3 symbols



ARM Macro Assembler    Page 1 Alphabetic symbol ordering
Relocatable symbols

DATA1 00000000

Symbol: DATA1
   Definitions
      At line 24 in file lab6.asm
   Uses
      None
Comment: DATA1 unused
RESULT 00000000

Symbol: RESULT
   Definitions
      At line 25 in file lab6.asm
   Uses
      None
Comment: RESULT unused
2 symbols
338 symbols in table
