


ARM Macro Assembler    Page 1 


    1 00000000                 AREA             FACTORIAL,CODE,READONLY
    2 00000000         ENTRY
    3 00000000         START
    4 00000000 E3A00007        MOV              r0,#7
    5 00000004 E1A01000        MOV              r1,r0
    6 00000008 E2511001 
                       FACT    SUBS             r1,r1,#1
    7 0000000C E3510001        CMP              r1,#1
    8 00000010 0A000002        BEQ              STOP
    9 00000014 E0030190        MUL              r3,r0,r1
   10 00000018 E1A00003        MOV              r0,r3
   11 0000001C 1AFFFFF9        BNE              FACT
   12 00000020 E1A00000 
                       STOP    NOP
   13 00000024 E1A00000        NOP
   14 00000028 E1A00000        NOP
   15 0000002C                 END                          ;
Command Line: --debug --xref --apcs=interwork --depend=.\lab3.d -o.\lab3.o -IC:
\Keil\ARM\RV31\INC -IC:\Keil\ARM\CMSIS\Include -IC:\Keil\ARM\Inc\Philips --pred
efine="__EVAL SETA 1" --list=.\lab3.lst lab3.asm



ARM Macro Assembler    Page 1 Alphabetic symbol ordering
Relocatable symbols

ENTRY 00000000

Symbol: ENTRY
   Definitions
      At line 2 in file lab3.asm
   Uses
      None
Comment: ENTRY unused
FACT 00000008

Symbol: FACT
   Definitions
      At line 6 in file lab3.asm
   Uses
      At line 11 in file lab3.asm
Comment: FACT used once
FACTORIAL 00000000

Symbol: FACTORIAL
   Definitions
      At line 1 in file lab3.asm
   Uses
      None
Comment: FACTORIAL unused
START 00000000

Symbol: START
   Definitions
      At line 3 in file lab3.asm
   Uses
      None
Comment: START unused
STOP 00000020

Symbol: STOP
   Definitions
      At line 12 in file lab3.asm
   Uses
      At line 8 in file lab3.asm
Comment: STOP used once
5 symbols
336 symbols in table
