


ARM Macro Assembler    Page 1 


    1 00000000                 AREA             MULTIPLY,CODE,READONLY
    2 00000000         ENTRY
    3 00000000 E3A01C19 
                       START   MOV              R1,#6400
    4 00000004 E3A02D32        MOV              R2,#3200
    5 00000008 E0030291        MUL              R3,R1,R2
    6 0000000C E1A00000        NOP
    7 00000010 E1A00000        NOP
    8 00000014 E1A00000        NOP
    9 00000018                 END
Command Line: --debug --xref --apcs=interwork --depend=.\lab1.d -o.\lab1.o -IC:
\Keil\ARM\RV31\INC -IC:\Keil\ARM\CMSIS\Include -IC:\Keil\ARM\Inc\Philips --pred
efine="__EVAL SETA 1" --list=.\lab1.lst lab1.asm



ARM Macro Assembler    Page 1 Alphabetic symbol ordering
Relocatable symbols

ENTRY 00000000

Symbol: ENTRY
   Definitions
      At line 2 in file lab1.asm
   Uses
      None
Comment: ENTRY unused
MULTIPLY 00000000

Symbol: MULTIPLY
   Definitions
      At line 1 in file lab1.asm
   Uses
      None
Comment: MULTIPLY unused
START 00000000

Symbol: START
   Definitions
      At line 3 in file lab1.asm
   Uses
      None
Comment: START unused
3 symbols
334 symbols in table
